<?xml version="1.0" encoding="UTF-8"?>
<!-- Generated by org.testng.reporters.JUnitReportReporter -->
<testsuite hostname="DESKTOP-FVSLPKP" failures="0" tests="4" name="com.testng.NewTest" time="14.134" errors="0" timestamp="2022-09-30T17:14:41 IST" skipped="0">
  <testcase classname="com.testng.NewTest" name="ValidateLoginScript" time="3.232"/>
  <system-out/>
  <testcase classname="com.testng.NewTest" name="addDetailToRegisterForm" time="1.916"/>
  <system-out/>
  <testcase classname="com.testng.NewTest" name="addToCart" time="2.634"/>
  <system-out/>
  <testcase classname="com.testng.NewTest" name="addDetailsToLoginForm" time="6.352"/>
  <system-out/>
</testsuite> <!-- com.testng.NewTest -->
