<?xml version="1.0" encoding="UTF-8"?>
<!-- Generated by org.testng.reporters.JUnitReportReporter -->
<testsuite hostname="DESKTOP-FVSLPKP" failures="0" tests="4" name="com.testng.NewTest" time="14.552" errors="0" timestamp="2022-10-10T22:57:26 IST" skipped="0">
  <testcase classname="com.testng.NewTest" name="ValidateLoginScript" time="3.664"/>
  <system-out/>
  <testcase classname="com.testng.NewTest" name="addDetailToRegisterForm" time="1.919"/>
  <system-out/>
  <testcase classname="com.testng.NewTest" name="addToCart" time="2.617"/>
  <system-out/>
  <testcase classname="com.testng.NewTest" name="addDetailsToLoginForm" time="6.352"/>
  <system-out/>
</testsuite> <!-- com.testng.NewTest -->
