<?xml version="1.0" encoding="UTF-8"?>
<!-- Generated by org.testng.reporters.JUnitReportReporter -->
<testsuite hostname="DESKTOP-FVSLPKP" failures="0" tests="1" name="loanapplications.CarLoanApplicationTests" time="0.007" errors="0" timestamp="2022-09-28T16:25:09 IST" skipped="0">
  <testcase classname="loanapplications.CarLoanApplicationTests" name="CarLoanLoginAPI" time="0.007"/>
  <system-out/>
</testsuite> <!-- loanapplications.CarLoanApplicationTests -->
