<?xml version="1.0" encoding="UTF-8"?>
<!-- Generated by org.testng.reporters.JUnitReportReporter -->
<testsuite hostname="DESKTOP-FVSLPKP" failures="0" tests="5" name="loanapplications.HomeLoanApplicationTests" time="0.010" errors="0" timestamp="2022-09-28T16:25:09 IST" skipped="0">
  <testcase classname="loanapplications.HomeLoanApplicationTests" name="APIHomeLoan" time="0.006"/>
  <system-out/>
  <testcase classname="loanapplications.HomeLoanApplicationTests" name="MobileHomeLoan" time="0.001"/>
  <system-out/>
  <testcase classname="loanapplications.HomeLoanApplicationTests" name="HomeLoanLoginMobile" time="0.001"/>
  <system-out/>
  <testcase classname="loanapplications.HomeLoanApplicationTests" name="HomeLoanLoginWeb" time="0.001"/>
  <system-out/>
  <testcase classname="loanapplications.HomeLoanApplicationTests" name="HomeLoanLoginAPI" time="0.001"/>
  <system-out/>
</testsuite> <!-- loanapplications.HomeLoanApplicationTests -->
