<?xml version="1.0" encoding="UTF-8"?>
<!-- Generated by org.testng.reporters.JUnitReportReporter -->
<testsuite hostname="DESKTOP-FVSLPKP" failures="0" tests="3" name="testpkg.ParamTest" time="0.013" errors="0" timestamp="2022-09-28T10:04:35 IST" skipped="0">
  <testcase classname="testpkg.ParamTest" name="applyForLoan" time="0.001"/>
  <system-out/>
  <testcase classname="testpkg.ParamTest" name="applyForLoan" time="0.011"/>
  <system-out/>
  <testcase classname="testpkg.ParamTest" name="applyForLoan" time="0.001"/>
  <system-out/>
</testsuite> <!-- testpkg.ParamTest -->
